2026-07-02 13:22:40 [INFO] __main__: === Vigia Manha iniciado em 2026-07-02 13:22:40 ===
2026-07-02 13:22:40 [INFO] __main__: --- Vigia: baixando CSV da Caixa ---
2026-07-02 13:22:43 [INFO] db: Banco de dados inicializado e migrado.
2026-07-02 13:22:43 [INFO] etapa1_csv: etapa1: Fase 0 - httpx HTTP/2...
2026-07-02 13:22:46 [INFO] httpx: HTTP Request: GET https://venda-imoveis.caixa.gov.br/listaweb/Lista_imoveis_SC.csv "HTTP/2 200 OK"
2026-07-02 13:22:46 [INFO] etapa1_csv: etapa1: SC OK via httpx (51566 bytes)
2026-07-02 13:22:46 [INFO] etapa1_csv: etapa1: parse SC: colunas brutas=['N° do imóvel', 'UF', 'Cidade', 'Bairro', 'Endereço']
2026-07-02 13:22:46 [INFO] etapa1_csv: etapa1: CSV SC: 145 imoveis parseados de 145 linhas
2026-07-02 13:22:46 [INFO] etapa1_csv: etapa1: httpx ok=1, pendentes=1
2026-07-02 13:22:46 [INFO] etapa1_csv: etapa1: Fase 3 - curl subprocess (amostra SP)...
2026-07-02 13:22:47 [INFO] etapa1_csv: etapa1: curl RS conteudo invalido (18427B): '<head>   <title>Radware Bot Manager CAPTCHA</title><script type="text/javascript"> \twindow.SSJSInternal = 48397;  \tvar __uzdbm_1 = "82623a09-0f3f-41ea'
2026-07-02 13:22:47 [INFO] etapa1_csv: etapa1: curl ok=1, pendentes=1
2026-07-02 13:22:47 [INFO] etapa1_csv: etapa1: Fase 1+2 - Playwright stealth para 1 estados...
2026-07-02 13:23:11 [INFO] etapa1_csv: etapa1: RS OK via fetch-browser (240861 bytes)
2026-07-02 13:23:12 [INFO] etapa1_csv: etapa1: parse RS: colunas brutas=['N° do imóvel', 'UF', 'Cidade', 'Bairro', 'Endereço']
2026-07-02 13:23:12 [INFO] etapa1_csv: etapa1: CSV RS: 698 imoveis parseados de 698 linhas
2026-07-02 13:23:17 [INFO] db: update_csv_parsed_bulk: 5 linhas atualizadas
2026-07-02 13:23:17 [INFO] etapa1_csv: etapa1: FINAL total_csv=843 | banco=843 | removidos=0 | novos=0 | ok=2 | falha=0
2026-07-02 13:23:17 [INFO] __main__: CSV: 843 imoveis | 0 novos detectados
2026-07-02 13:23:19 [INFO] __main__: Banco: 843 imoveis ativos em ['RS', 'SC']
2026-07-02 13:23:19 [INFO] __main__: Vigia resultado: 0 novos | 0 encerrados/removidos
2026-07-02 13:23:19 [WARNING] __main__: Divergencia banco (843) vs publicado (801) — republicando
2026-07-02 13:23:19 [INFO] __main__: === Vigia: forcando republicacao por divergencia (banco=843, publicado=801) ===
2026-07-02 13:23:19 [INFO] __main__: === Vigia finalizado em 39s ===
2026-07-02 13:53:27 [INFO] __main__: === Vigia Manha iniciado em 2026-07-02 13:53:27 ===
2026-07-02 13:53:27 [INFO] __main__: --- Vigia: baixando CSV da Caixa ---
2026-07-02 13:53:29 [INFO] db: Banco de dados inicializado e migrado.
2026-07-02 13:53:29 [INFO] etapa1_csv: etapa1: Fase 0 - httpx HTTP/2...
2026-07-02 13:53:32 [INFO] httpx: HTTP Request: GET https://venda-imoveis.caixa.gov.br/listaweb/Lista_imoveis_RS.csv "HTTP/2 200 OK"
2026-07-02 13:53:32 [INFO] etapa1_csv: etapa1: RS OK via httpx (240861 bytes)
2026-07-02 13:53:32 [INFO] etapa1_csv: etapa1: parse RS: colunas brutas=['N° do imóvel', 'UF', 'Cidade', 'Bairro', 'Endereço']
2026-07-02 13:53:32 [INFO] etapa1_csv: etapa1: CSV RS: 698 imoveis parseados de 698 linhas
2026-07-02 13:53:32 [INFO] httpx: HTTP Request: GET https://venda-imoveis.caixa.gov.br/listaweb/Lista_imoveis_SC.csv "HTTP/2 200 OK"
2026-07-02 13:53:32 [INFO] etapa1_csv: etapa1: SC OK via httpx (51566 bytes)
2026-07-02 13:53:32 [INFO] etapa1_csv: etapa1: parse SC: colunas brutas=['N° do imóvel', 'UF', 'Cidade', 'Bairro', 'Endereço']
2026-07-02 13:53:32 [INFO] etapa1_csv: etapa1: CSV SC: 145 imoveis parseados de 145 linhas
2026-07-02 13:53:32 [INFO] etapa1_csv: etapa1: httpx ok=2, pendentes=0
2026-07-02 13:53:37 [INFO] db: update_csv_parsed_bulk: 0 linhas atualizadas
2026-07-02 13:53:37 [INFO] etapa1_csv: etapa1: FINAL total_csv=843 | banco=843 | removidos=0 | novos=0 | ok=2 | falha=0
2026-07-02 13:53:37 [INFO] __main__: CSV: 843 imoveis | 0 novos detectados
2026-07-02 13:53:39 [INFO] __main__: Banco: 843 imoveis ativos em ['RS', 'SC']
2026-07-02 13:53:39 [INFO] __main__: Vigia resultado: 0 novos | 0 encerrados/removidos
2026-07-02 13:53:39 [WARNING] __main__: Divergencia banco (843) vs publicado (801) — republicando
2026-07-02 13:53:39 [INFO] __main__: === Vigia: forcando republicacao por divergencia (banco=843, publicado=801) ===
2026-07-02 13:53:39 [INFO] __main__: === Vigia finalizado em 12s ===
2026-07-02 15:16:14 [INFO] __main__: === Vigia Manha iniciado em 2026-07-02 15:16:14 ===
2026-07-02 15:16:14 [INFO] __main__: --- Vigia: baixando CSV da Caixa ---
2026-07-02 15:16:17 [INFO] db: Banco de dados inicializado e migrado.
2026-07-02 15:16:17 [INFO] etapa1_csv: etapa1: Fase 0 - httpx HTTP/2...
2026-07-02 15:16:19 [INFO] httpx: HTTP Request: GET https://venda-imoveis.caixa.gov.br/listaweb/Lista_imoveis_RS.csv "HTTP/2 200 OK"
2026-07-02 15:16:19 [INFO] etapa1_csv: etapa1: RS OK via httpx (240861 bytes)
2026-07-02 15:16:19 [INFO] etapa1_csv: etapa1: parse RS: colunas brutas=['N° do imóvel', 'UF', 'Cidade', 'Bairro', 'Endereço']
2026-07-02 15:16:19 [INFO] etapa1_csv: etapa1: CSV RS: 698 imoveis parseados de 698 linhas
2026-07-02 15:16:19 [INFO] httpx: HTTP Request: GET https://venda-imoveis.caixa.gov.br/listaweb/Lista_imoveis_SC.csv "HTTP/2 200 OK"
2026-07-02 15:16:19 [INFO] etapa1_csv: etapa1: SC OK via httpx (51566 bytes)
2026-07-02 15:16:19 [INFO] etapa1_csv: etapa1: parse SC: colunas brutas=['N° do imóvel', 'UF', 'Cidade', 'Bairro', 'Endereço']
2026-07-02 15:16:19 [INFO] etapa1_csv: etapa1: CSV SC: 145 imoveis parseados de 145 linhas
2026-07-02 15:16:19 [INFO] etapa1_csv: etapa1: httpx ok=2, pendentes=0
2026-07-02 15:16:22 [INFO] db: update_csv_parsed_bulk: 0 linhas atualizadas
2026-07-02 15:16:22 [INFO] etapa1_csv: etapa1: FINAL total_csv=843 | banco=843 | removidos=0 | novos=0 | ok=2 | falha=0
2026-07-02 15:16:22 [INFO] __main__: CSV: 843 imoveis | 0 novos detectados
2026-07-02 15:16:24 [INFO] __main__: Banco: 843 imoveis ativos em ['RS', 'SC']
2026-07-02 15:16:24 [INFO] __main__: Vigia resultado: 0 novos | 0 encerrados/removidos
2026-07-02 15:16:24 [WARNING] __main__: Divergencia banco (843) vs publicado (801) — republicando
2026-07-02 15:16:24 [INFO] __main__: === Vigia: forcando republicacao por divergencia (banco=843, publicado=801) ===
2026-07-02 15:16:24 [INFO] __main__: === Vigia finalizado em 9s ===
2026-07-02 16:02:35 [INFO] __main__: === Vigia Manha iniciado em 2026-07-02 16:02:35 ===
2026-07-02 16:02:35 [INFO] __main__: --- Vigia: baixando CSV da Caixa ---
2026-07-02 16:02:38 [INFO] db: Banco de dados inicializado e migrado.
2026-07-02 16:02:38 [INFO] etapa1_csv: etapa1: Fase 0 - httpx HTTP/2...
2026-07-02 16:02:39 [INFO] httpx: HTTP Request: GET https://venda-imoveis.caixa.gov.br/listaweb/Lista_imoveis_RS.csv "HTTP/2 200 OK"
2026-07-02 16:02:39 [INFO] etapa1_csv: etapa1: RS OK via httpx (240861 bytes)
2026-07-02 16:02:39 [INFO] etapa1_csv: etapa1: parse RS: colunas brutas=['N° do imóvel', 'UF', 'Cidade', 'Bairro', 'Endereço']
2026-07-02 16:02:39 [INFO] etapa1_csv: etapa1: CSV RS: 698 imoveis parseados de 698 linhas
2026-07-02 16:02:40 [INFO] httpx: HTTP Request: GET https://venda-imoveis.caixa.gov.br/listaweb/Lista_imoveis_SC.csv "HTTP/2 200 OK"
2026-07-02 16:02:40 [INFO] etapa1_csv: etapa1: SC OK via httpx (51566 bytes)
2026-07-02 16:02:40 [INFO] etapa1_csv: etapa1: parse SC: colunas brutas=['N° do imóvel', 'UF', 'Cidade', 'Bairro', 'Endereço']
2026-07-02 16:02:40 [INFO] etapa1_csv: etapa1: CSV SC: 145 imoveis parseados de 145 linhas
2026-07-02 16:02:40 [INFO] etapa1_csv: etapa1: httpx ok=2, pendentes=0
2026-07-02 16:02:44 [INFO] db: update_csv_parsed_bulk: 0 linhas atualizadas
2026-07-02 16:02:44 [INFO] etapa1_csv: etapa1: FINAL total_csv=843 | banco=843 | removidos=0 | novos=0 | ok=2 | falha=0
2026-07-02 16:02:44 [INFO] __main__: CSV: 843 imoveis | 0 novos detectados
2026-07-02 16:02:45 [INFO] __main__: Banco: 843 imoveis ativos em ['RS', 'SC']
2026-07-02 16:02:45 [INFO] __main__: Vigia resultado: 0 novos | 0 encerrados/removidos
2026-07-02 16:02:45 [WARNING] __main__: Divergencia banco (843) vs publicado (801) — republicando
2026-07-02 16:02:45 [INFO] __main__: === Vigia: forcando republicacao por divergencia (banco=843, publicado=801) ===
2026-07-02 16:02:45 [INFO] __main__: === Vigia finalizado em 10s ===
2026-07-04 12:49:14 [INFO] __main__: === Vigia Manha iniciado em 2026-07-04 12:49:14 ===
2026-07-04 12:49:14 [INFO] __main__: --- Vigia: baixando CSV da Caixa ---
2026-07-04 12:49:17 [INFO] db: Banco de dados inicializado e migrado.
2026-07-04 12:49:17 [INFO] db: Tabela alertas_leilao verificada/criada.
2026-07-04 12:49:17 [INFO] etapa1_csv: etapa1: Fase 0 - httpx HTTP/2...
2026-07-04 12:49:21 [INFO] httpx: HTTP Request: GET https://venda-imoveis.caixa.gov.br/listaweb/Lista_imoveis_RS.csv "HTTP/2 200 OK"
2026-07-04 12:49:21 [INFO] etapa1_csv: etapa1: RS OK via httpx (248674 bytes)
2026-07-04 12:49:21 [INFO] etapa1_csv: etapa1: parse RS: colunas brutas=['N° do imóvel', 'UF', 'Cidade', 'Bairro', 'Endereço']
2026-07-04 12:49:21 [INFO] etapa1_csv: etapa1: CSV RS: 717 imoveis parseados de 717 linhas
2026-07-04 12:49:21 [INFO] httpx: HTTP Request: GET https://venda-imoveis.caixa.gov.br/listaweb/Lista_imoveis_SC.csv "HTTP/2 200 OK"
2026-07-04 12:49:21 [INFO] etapa1_csv: etapa1: SC OK via httpx (56269 bytes)
2026-07-04 12:49:21 [INFO] etapa1_csv: etapa1: parse SC: colunas brutas=['N° do imóvel', 'UF', 'Cidade', 'Bairro', 'Endereço']
2026-07-04 12:49:21 [INFO] etapa1_csv: etapa1: CSV SC: 158 imoveis parseados de 158 linhas
2026-07-04 12:49:21 [INFO] etapa1_csv: etapa1: httpx ok=2, pendentes=0
2026-07-04 12:49:25 [INFO] db: upsert_imoveis_bulk: 1 imoveis processados em lote
2026-07-04 12:49:28 [INFO] db: update_csv_parsed_bulk: 16 linhas atualizadas
2026-07-04 12:49:28 [INFO] etapa1_csv: etapa1: FINAL total_csv=875 | banco=817 | removidos=0 | novos=58 | ok=2 | falha=0
2026-07-04 12:49:28 [INFO] __main__: CSV: 875 imoveis | 58 novos detectados
2026-07-04 12:49:30 [INFO] __main__: Banco: 818 imoveis ativos em ['RS', 'SC']
2026-07-04 12:49:30 [INFO] __main__: Vigia resultado: 58 novos | 0 encerrados/removidos
2026-07-04 12:49:30 [INFO] __main__: Raspando 58 imoveis novos...
2026-07-04 12:50:04 [INFO] etapa2_scraper: [diag 8444413003052] texto=2200 chars | trecho='Ajuda para Acessar › Imprensa / EN / Imprensa Seguranca Downloads Sobre a Caixa Produtos Beneficios e Programas Atendimento Poder Publico Buscar  Acessar minha conta  Inicio › Produtos para voce › Imo'
2026-07-04 12:50:04 [INFO] etapa2_scraper: [diag 1444419122519] texto=2229 chars | trecho='Ajuda para Acessar › Imprensa / EN / Imprensa Seguranca Downloads Sobre a Caixa Produtos Beneficios e Programas Atendimento Poder Publico Buscar  Acessar minha conta  Inicio › Produtos para voce › Imo'
2026-07-04 12:50:07 [INFO] __main__: [OK] 8444413003052 UF=None
2026-07-04 12:50:09 [INFO] __main__: [OK] 1444419122519 UF=None
2026-07-04 12:50:39 [INFO] etapa2_scraper: [diag 8444427802009] texto=2186 chars | trecho='Ajuda para Acessar › Imprensa / EN / Imprensa Seguranca Downloads Sobre a Caixa Produtos Beneficios e Programas Atendimento Poder Publico Buscar  Acessar minha conta  Inicio › Produtos para voce › Imo'
2026-07-04 12:50:41 [INFO] etapa2_scraper: [diag 8444420191128] texto=2213 chars | trecho='Ajuda para Acessar › Imprensa / EN / Imprensa Seguranca Downloads Sobre a Caixa Produtos Beneficios e Programas Atendimento Poder Publico Buscar  Acessar minha conta  Inicio › Produtos para voce › Imo'
2026-07-04 12:50:43 [INFO] __main__: [OK] 8444427802009 UF=None
2026-07-04 12:50:45 [INFO] __main__: [OK] 8444420191128 UF=None
2026-07-04 12:51:15 [INFO] etapa2_scraper: [diag 8444413872093] texto=2488 chars | trecho='Ajuda para Acessar › Imprensa / EN / Imprensa Seguranca Downloads Sobre a Caixa Produtos Beneficios e Programas Atendimento Poder Publico Buscar  Acessar minha conta  Inicio › Produtos para voce › Imo'
2026-07-04 12:51:18 [INFO] __main__: [OK] 8444413872093 UF=None
2026-07-04 12:51:18 [INFO] etapa2_scraper: [diag 8787711854924] texto=2212 chars | trecho='Ajuda para Acessar › Imprensa / EN / Imprensa Seguranca Downloads Sobre a Caixa Produtos Beneficios e Programas Atendimento Poder Publico Buscar  Acessar minha conta  Inicio › Produtos para voce › Imo'
2026-07-04 12:51:22 [INFO] __main__: [OK] 8787711854924 UF=None
2026-07-04 12:51:51 [INFO] etapa2_scraper: [diag 8043000502119] texto=2211 chars | trecho='Ajuda para Acessar › Imprensa / EN / Imprensa Seguranca Downloads Sobre a Caixa Produtos Beneficios e Programas Atendimento Poder Publico Buscar  Acessar minha conta  Inicio › Produtos para voce › Imo'
2026-07-04 12:51:54 [INFO] __main__: [OK] 8043000502119 UF=None
2026-07-04 12:51:54 [INFO] etapa2_scraper: [diag 1444417521785] texto=2142 chars | trecho='Ajuda para Acessar › Imprensa / EN / Imprensa Seguranca Downloads Sobre a Caixa Produtos Beneficios e Programas Atendimento Poder Publico Buscar  Acessar minha conta  Inicio › Produtos para voce › Imo'
2026-07-04 12:51:58 [INFO] __main__: [OK] 1444417521785 UF=None
2026-07-04 12:52:27 [INFO] etapa2_scraper: [diag 1787700981050] texto=2358 chars | trecho='Ajuda para Acessar › Imprensa / EN / Imprensa Seguranca Downloads Sobre a Caixa Produtos Beneficios e Programas Atendimento Poder Publico Buscar  Acessar minha conta  Inicio › Produtos para voce › Imo'
2026-07-04 12:52:31 [INFO] __main__: [OK] 1787700981050 UF=None
2026-07-04 12:52:31 [INFO] etapa2_scraper: [diag 8444418568929] texto=2175 chars | trecho='Ajuda para Acessar › Imprensa / EN / Imprensa Seguranca Downloads Sobre a Caixa Produtos Beneficios e Programas Atendimento Poder Publico Buscar  Acessar minha conta  Inicio › Produtos para voce › Imo'
2026-07-04 12:52:35 [INFO] __main__: [OK] 8444418568929 UF=None
2026-07-04 12:53:04 [INFO] etapa2_scraper: [diag 8787706708680] texto=2206 chars | trecho='Ajuda para Acessar › Imprensa / EN / Imprensa Seguranca Downloads Sobre a Caixa Produtos Beneficios e Programas Atendimento Poder Publico Buscar  Acessar minha conta  Inicio › Produtos para voce › Imo'
2026-07-04 12:53:07 [INFO] __main__: [OK] 8787706708680 UF=None
2026-07-04 12:53:07 [INFO] etapa2_scraper: [diag 8787709632022] texto=2124 chars | trecho='Ajuda para Acessar › Imprensa / EN / Imprensa Seguranca Downloads Sobre a Caixa Produtos Beneficios e Programas Atendimento Poder Publico Buscar  Acessar minha conta  Inicio › Produtos para voce › Imo'
2026-07-04 12:53:11 [INFO] __main__: [OK] 8787709632022 UF=None
2026-07-04 12:53:40 [INFO] etapa2_scraper: [diag 1555517731937] texto=2341 chars | trecho='Ajuda para Acessar › Imprensa / EN / Imprensa Seguranca Downloads Sobre a Caixa Produtos Beneficios e Programas Atendimento Poder Publico Buscar  Acessar minha conta  Inicio › Produtos para voce › Imo'
2026-07-04 12:53:43 [INFO] __main__: [OK] 1555517731937 UF=None
2026-07-04 12:53:43 [INFO] etapa2_scraper: [diag 8555531387626] texto=2336 chars | trecho='Ajuda para Acessar › Imprensa / EN / Imprensa Seguranca Downloads Sobre a Caixa Produtos Beneficios e Programas Atendimento Poder Publico Buscar  Acessar minha conta  Inicio › Produtos para voce › Imo'
2026-07-04 12:53:47 [INFO] __main__: [OK] 8555531387626 UF=None
2026-07-04 12:54:16 [INFO] etapa2_scraper: [diag 8444436859751] texto=2232 chars | trecho='Ajuda para Acessar › Imprensa / EN / Imprensa Seguranca Downloads Sobre a Caixa Produtos Beneficios e Programas Atendimento Poder Publico Buscar  Acessar minha conta  Inicio › Produtos para voce › Imo'
2026-07-04 12:54:20 [INFO] __main__: [OK] 8444436859751 UF=None
2026-07-04 12:54:20 [INFO] etapa2_scraper: [diag 8444423858123] texto=2143 chars | trecho='Ajuda para Acessar › Imprensa / EN / Imprensa Seguranca Downloads Sobre a Caixa Produtos Beneficios e Programas Atendimento Poder Publico Buscar  Acessar minha conta  Inicio › Produtos para voce › Imo'
2026-07-04 12:54:23 [INFO] __main__: [OK] 8444423858123 UF=None
2026-07-04 12:54:52 [INFO] etapa2_scraper: [diag 8555531289136] texto=2549 chars | trecho='Ajuda para Acessar › Imprensa / EN / Imprensa Seguranca Downloads Sobre a Caixa Produtos Beneficios e Programas Atendimento Poder Publico Buscar  Acessar minha conta  Inicio › Produtos para voce › Imo'
2026-07-04 12:54:56 [INFO] __main__: [OK] 8555531289136 UF=None
2026-07-04 12:54:56 [INFO] etapa2_scraper: [diag 1444422821775] texto=2241 chars | trecho='Ajuda para Acessar › Imprensa / EN / Imprensa Seguranca Downloads Sobre a Caixa Produtos Beneficios e Programas Atendimento Poder Publico Buscar  Acessar minha conta  Inicio › Produtos para voce › Imo'
2026-07-04 12:54:59 [INFO] __main__: [OK] 1444422821775 UF=None
2026-07-04 12:55:29 [INFO] etapa2_scraper: [diag 10291010] texto=2235 chars | trecho='Ajuda para Acessar › Imprensa / EN / Imprensa Seguranca Downloads Sobre a Caixa Produtos Beneficios e Programas Atendimento Poder Publico Buscar  Acessar minha conta  Inicio › Produtos para voce › Imo'
2026-07-04 12:55:30 [INFO] __main__: [OK] 10291010 UF=None
2026-07-04 12:55:32 [INFO] etapa2_scraper: [diag 8444413695086] texto=2456 chars | trecho='Ajuda para Acessar › Imprensa / EN / Imprensa Seguranca Downloads Sobre a Caixa Produtos Beneficios e Programas Atendimento Poder Publico Buscar  Acessar minha conta  Inicio › Produtos para voce › Imo'
2026-07-04 12:55:35 [INFO] __main__: [OK] 8444413695086 UF=None
2026-07-04 12:56:03 [INFO] etapa2_scraper: [diag 10305193] texto=2240 chars | trecho='Ajuda para Acessar › Imprensa / EN / Imprensa Seguranca Downloads Sobre a Caixa Produtos Beneficios e Programas Atendimento Poder Publico Buscar  Acessar minha conta  Inicio › Produtos para voce › Imo'
2026-07-04 12:56:06 [INFO] __main__: [OK] 10305193 UF=None
2026-07-04 12:56:07 [INFO] etapa2_scraper: [diag 10286390] texto=2558 chars | trecho='Ajuda para Acessar › Imprensa / EN / Imprensa Seguranca Downloads Sobre a Caixa Produtos Beneficios e Programas Atendimento Poder Publico Buscar  Acessar minha conta  Inicio › Produtos para voce › Imo'
2026-07-04 12:56:11 [INFO] __main__: [OK] 10286390 UF=None
2026-07-04 12:56:40 [INFO] etapa2_scraper: [diag 8444410680916] texto=2448 chars | trecho='Ajuda para Acessar › Imprensa / EN / Imprensa Seguranca Downloads Sobre a Caixa Produtos Beneficios e Programas Atendimento Poder Publico Buscar  Acessar minha conta  Inicio › Produtos para voce › Imo'
2026-07-04 12:56:44 [INFO] __main__: [OK] 8444410680916 UF=None
2026-07-04 12:56:44 [INFO] etapa2_scraper: [diag 8444425799264] texto=2440 chars | trecho='Ajuda para Acessar › Imprensa / EN / Imprensa Seguranca Downloads Sobre a Caixa Produtos Beneficios e Programas Atendimento Poder Publico Buscar  Acessar minha conta  Inicio › Produtos para voce › Imo'
2026-07-04 12:56:47 [INFO] __main__: [OK] 8444425799264 UF=None
2026-07-04 12:57:16 [INFO] etapa2_scraper: [diag 1444409908838] texto=2398 chars | trecho='Ajuda para Acessar › Imprensa / EN / Imprensa Seguranca Downloads Sobre a Caixa Produtos Beneficios e Programas Atendimento Poder Publico Buscar  Acessar minha conta  Inicio › Produtos para voce › Imo'
2026-07-04 12:57:20 [INFO] __main__: [OK] 1444409908838 UF=None
2026-07-04 12:57:20 [INFO] etapa2_scraper: [diag 8444429585544] texto=2406 chars | trecho='Ajuda para Acessar › Imprensa / EN / Imprensa Seguranca Downloads Sobre a Caixa Produtos Beneficios e Programas Atendimento Poder Publico Buscar  Acessar minha conta  Inicio › Produtos para voce › Imo'
2026-07-04 12:57:24 [INFO] __main__: [OK] 8444429585544 UF=None
2026-07-04 12:57:53 [INFO] etapa2_scraper: [diag 8787709043531] texto=2232 chars | trecho='Ajuda para Acessar › Imprensa / EN / Imprensa Seguranca Downloads Sobre a Caixa Produtos Beneficios e Programas Atendimento Poder Publico Buscar  Acessar minha conta  Inicio › Produtos para voce › Imo'
2026-07-04 12:57:56 [INFO] __main__: [OK] 8787709043531 UF=None
2026-07-04 12:57:56 [INFO] etapa2_scraper: [diag 8555531217542] texto=2243 chars | trecho='Ajuda para Acessar › Imprensa / EN / Imprensa Seguranca Downloads Sobre a Caixa Produtos Beneficios e Programas Atendimento Poder Publico Buscar  Acessar minha conta  Inicio › Produtos para voce › Imo'
2026-07-04 12:58:00 [INFO] __main__: [OK] 8555531217542 UF=None
2026-07-04 12:58:29 [INFO] etapa2_scraper: [diag 8444403034931] texto=2519 chars | trecho='Ajuda para Acessar › Imprensa / EN / Imprensa Seguranca Downloads Sobre a Caixa Produtos Beneficios e Programas Atendimento Poder Publico Buscar  Acessar minha conta  Inicio › Produtos para voce › Imo'
2026-07-04 12:58:32 [INFO] __main__: [OK] 8444403034931 UF=None
2026-07-04 12:58:32 [INFO] etapa2_scraper: [diag 8787701943908] texto=2415 chars | trecho='Ajuda para Acessar › Imprensa / EN / Imprensa Seguranca Downloads Sobre a Caixa Produtos Beneficios e Programas Atendimento Poder Publico Buscar  Acessar minha conta  Inicio › Produtos para voce › Imo'
2026-07-04 12:58:36 [INFO] __main__: [OK] 8787701943908 UF=None
2026-07-04 12:59:05 [INFO] etapa2_scraper: [diag 1555523428930] texto=2264 chars | trecho='Ajuda para Acessar › Imprensa / EN / Imprensa Seguranca Downloads Sobre a Caixa Produtos Beneficios e Programas Atendimento Poder Publico Buscar  Acessar minha conta  Inicio › Produtos para voce › Imo'
2026-07-04 12:59:09 [INFO] __main__: [OK] 1555523428930 UF=None
2026-07-04 12:59:09 [INFO] etapa2_scraper: [diag 8444415194700] texto=2260 chars | trecho='Ajuda para Acessar › Imprensa / EN / Imprensa Seguranca Downloads Sobre a Caixa Produtos Beneficios e Programas Atendimento Poder Publico Buscar  Acessar minha conta  Inicio › Produtos para voce › Imo'
2026-07-04 12:59:12 [INFO] __main__: [OK] 8444415194700 UF=None
2026-07-04 12:59:41 [INFO] etapa2_scraper: [diag 1444419602871] texto=2088 chars | trecho='Ajuda para Acessar › Imprensa / EN / Imprensa Seguranca Downloads Sobre a Caixa Produtos Beneficios e Programas Atendimento Poder Publico Buscar  Acessar minha conta  Inicio › Produtos para voce › Imo'
2026-07-04 12:59:45 [INFO] __main__: [OK] 1444419602871 UF=None
2026-07-04 12:59:45 [INFO] etapa2_scraper: [diag 10286388] texto=2506 chars | trecho='Ajuda para Acessar › Imprensa / EN / Imprensa Seguranca Downloads Sobre a Caixa Produtos Beneficios e Programas Atendimento Poder Publico Buscar  Acessar minha conta  Inicio › Produtos para voce › Imo'
2026-07-04 12:59:49 [INFO] __main__: [OK] 10286388 UF=None
2026-07-04 13:00:18 [INFO] etapa2_scraper: [diag 8444431337412] texto=2100 chars | trecho='Ajuda para Acessar › Imprensa / EN / Imprensa Seguranca Downloads Sobre a Caixa Produtos Beneficios e Programas Atendimento Poder Publico Buscar  Acessar minha conta  Inicio › Produtos para voce › Imo'
2026-07-04 13:00:21 [INFO] __main__: [OK] 8444431337412 UF=None
2026-07-04 13:00:21 [INFO] etapa2_scraper: [diag 8787717150520] texto=2465 chars | trecho='Ajuda para Acessar › Imprensa / EN / Imprensa Seguranca Downloads Sobre a Caixa Produtos Beneficios e Programas Atendimento Poder Publico Buscar  Acessar minha conta  Inicio › Produtos para voce › Imo'
2026-07-04 13:00:25 [INFO] __main__: [OK] 8787717150520 UF=None
2026-07-04 13:00:54 [INFO] etapa2_scraper: [diag 8444431149772] texto=2458 chars | trecho='Ajuda para Acessar › Imprensa / EN / Imprensa Seguranca Downloads Sobre a Caixa Produtos Beneficios e Programas Atendimento Poder Publico Buscar  Acessar minha conta  Inicio › Produtos para voce › Imo'
2026-07-04 13:00:57 [INFO] __main__: [OK] 8444431149772 UF=None
2026-07-04 13:00:57 [INFO] etapa2_scraper: [diag 1444414757168] texto=2146 chars | trecho='Ajuda para Acessar › Imprensa / EN / Imprensa Seguranca Downloads Sobre a Caixa Produtos Beneficios e Programas Atendimento Poder Publico Buscar  Acessar minha conta  Inicio › Produtos para voce › Imo'
2026-07-04 13:01:01 [INFO] __main__: [OK] 1444414757168 UF=None
2026-07-04 13:01:30 [INFO] etapa2_scraper: [diag 8787713299499] texto=2145 chars | trecho='Ajuda para Acessar › Imprensa / EN / Imprensa Seguranca Downloads Sobre a Caixa Produtos Beneficios e Programas Atendimento Poder Publico Buscar  Acessar minha conta  Inicio › Produtos para voce › Imo'
2026-07-04 13:01:34 [INFO] __main__: [OK] 8787713299499 UF=None
2026-07-04 13:01:34 [INFO] etapa2_scraper: [diag 8555521701336] texto=2266 chars | trecho='Ajuda para Acessar › Imprensa / EN / Imprensa Seguranca Downloads Sobre a Caixa Produtos Beneficios e Programas Atendimento Poder Publico Buscar  Acessar minha conta  Inicio › Produtos para voce › Imo'
2026-07-04 13:01:37 [INFO] __main__: [OK] 8555521701336 UF=None
2026-07-04 13:02:06 [INFO] etapa2_scraper: [diag 8555526614091] texto=2468 chars | trecho='Ajuda para Acessar › Imprensa / EN / Imprensa Seguranca Downloads Sobre a Caixa Produtos Beneficios e Programas Atendimento Poder Publico Buscar  Acessar minha conta  Inicio › Produtos para voce › Imo'
2026-07-04 13:02:10 [INFO] __main__: [OK] 8555526614091 UF=None
2026-07-04 13:02:10 [INFO] etapa2_scraper: [diag 8444425233511] texto=2275 chars | trecho='Ajuda para Acessar › Imprensa / EN / Imprensa Seguranca Downloads Sobre a Caixa Produtos Beneficios e Programas Atendimento Poder Publico Buscar  Acessar minha conta  Inicio › Produtos para voce › Imo'
2026-07-04 13:02:14 [INFO] __main__: [OK] 8444425233511 UF=None
2026-07-04 13:02:44 [INFO] etapa2_scraper: [diag 8787718452112] texto=2174 chars | trecho='Ajuda para Acessar › Imprensa / EN / Imprensa Seguranca Downloads Sobre a Caixa Produtos Beneficios e Programas Atendimento Poder Publico Buscar  Acessar minha conta  Inicio › Produtos para voce › Imo'
2026-07-04 13:02:48 [INFO] __main__: [OK] 8787718452112 UF=None
2026-07-04 13:02:48 [INFO] etapa2_scraper: [diag 8787702424955] texto=2504 chars | trecho='Ajuda para Acessar › Imprensa / EN / Imprensa Seguranca Downloads Sobre a Caixa Produtos Beneficios e Programas Atendimento Poder Publico Buscar  Acessar minha conta  Inicio › Produtos para voce › Imo'
2026-07-04 13:02:51 [INFO] __main__: [OK] 8787702424955 UF=None
2026-07-04 13:03:20 [INFO] etapa2_scraper: [diag 8444418217905] texto=2446 chars | trecho='Ajuda para Acessar › Imprensa / EN / Imprensa Seguranca Downloads Sobre a Caixa Produtos Beneficios e Programas Atendimento Poder Publico Buscar  Acessar minha conta  Inicio › Produtos para voce › Imo'
2026-07-04 13:03:24 [INFO] __main__: [OK] 8444418217905 UF=None
2026-07-04 13:03:24 [INFO] etapa2_scraper: [diag 8555517692433] texto=2452 chars | trecho='Ajuda para Acessar › Imprensa / EN / Imprensa Seguranca Downloads Sobre a Caixa Produtos Beneficios e Programas Atendimento Poder Publico Buscar  Acessar minha conta  Inicio › Produtos para voce › Imo'
2026-07-04 13:03:27 [INFO] __main__: [OK] 8555517692433 UF=None
2026-07-04 13:03:56 [INFO] etapa2_scraper: [diag 8787712032979] texto=2471 chars | trecho='Ajuda para Acessar › Imprensa / EN / Imprensa Seguranca Downloads Sobre a Caixa Produtos Beneficios e Programas Atendimento Poder Publico Buscar  Acessar minha conta  Inicio › Produtos para voce › Imo'
2026-07-04 13:04:00 [INFO] __main__: [OK] 8787712032979 UF=None
2026-07-04 13:04:00 [INFO] etapa2_scraper: [diag 8444412277582] texto=2183 chars | trecho='Ajuda para Acessar › Imprensa / EN / Imprensa Seguranca Downloads Sobre a Caixa Produtos Beneficios e Programas Atendimento Poder Publico Buscar  Acessar minha conta  Inicio › Produtos para voce › Imo'
2026-07-04 13:04:04 [INFO] __main__: [OK] 8444412277582 UF=None
2026-07-04 13:04:33 [INFO] etapa2_scraper: [diag 8787718157641] texto=2432 chars | trecho='Ajuda para Acessar › Imprensa / EN / Imprensa Seguranca Downloads Sobre a Caixa Produtos Beneficios e Programas Atendimento Poder Publico Buscar  Acessar minha conta  Inicio › Produtos para voce › Imo'
2026-07-04 13:04:36 [INFO] __main__: [OK] 8787718157641 UF=None
2026-07-04 13:04:36 [INFO] etapa2_scraper: [diag 8555537689080] texto=2238 chars | trecho='Ajuda para Acessar › Imprensa / EN / Imprensa Seguranca Downloads Sobre a Caixa Produtos Beneficios e Programas Atendimento Poder Publico Buscar  Acessar minha conta  Inicio › Produtos para voce › Imo'
2026-07-04 13:04:39 [INFO] httpx: HTTP Request: GET https://venda-imoveis.caixa.gov.br/editais/matricula/RS/8555511454948.pdf "HTTP/1.1 302 Moved Temporarily"
2026-07-04 13:04:39 [INFO] httpx: HTTP Request: GET https://validate.perfdrive.com/8dd92193190e96fe34aeba79d43ebe2f/?ssa=ad79e1bc-a87e-4a17-8ba9-932429d97c93&ssb=05600393073&ssc=https%3A%2F%2Fvenda-imoveis.caixa.gov.br%2Feditais%2Fmatricula%2FRS%2F8555511454948.pdf&ssi=6b852746-c4o3-41a9-9583-4be696cad704&ssk=support@shieldsquare.com&ssm=57403759701660917100154466776892&ssn=6aa04ff2a9ca6e225eebeb5673f84492729284e75cc2-faab-47c9-917984&sso=78b8f430-72bd9233761c71ddd59232161695c0358476b2badb987068&ssp=03542122451783134537178317002196220&ssq=27184087027891512343970278119900732961192&ssr=MTcyLjIxNS4yMTcuNjQ=&sst=Mozilla/5.0%20(Macintosh;%20Intel%20Mac%20OS%20X%2010_15_7)%20AppleWebKit/537.36%20(KHTML,%20like%20Gecko)%20Chrome/124.0.0.0%20Safari/537.36&ssv=&ssw=&ssx=W10= "HTTP/1.1 200 OK"
2026-07-04 13:04:39 [INFO] httpx: HTTP Request: GET https://venda-imoveis.caixa.gov.br/editais/edital/RS/8555511454948.pdf "HTTP/1.1 302 Moved Temporarily"
2026-07-04 13:04:39 [INFO] httpx: HTTP Request: GET https://validate.perfdrive.com/8dd92193190e96fe34aeba79d43ebe2f/?ssa=b994e62f-279e-4168-8c11-279305736174&ssb=45168309009&ssc=https%3A%2F%2Fvenda-imoveis.caixa.gov.br%2Feditais%2Fedital%2FRS%2F8555511454948.pdf&ssi=2b5acd9c-c4o3-4c0c-9846-94b089fde25d&ssk=support@shieldsquare.com&ssm=15036373560820930104097128695806&ssn=5f7ba9f3b5e16d46b6fb2fbea7e7d1d7f6ddb97059f3-8b4b-4546-8ba06b&sso=c9c0b696-69c03af3866e50e915e4a31d7fd5960e27006c1196657cff&ssp=18836940791783199019178312990591655&ssq=74586057027938333184370279957969230127110&ssr=MTcyLjIxNS4yMTcuNjQ=&sst=Mozilla/5.0%20(Macintosh;%20Intel%20Mac%20OS%20X%2010_15_7)%20AppleWebKit/537.36%20(KHTML,%20like%20Gecko)%20Chrome/124.0.0.0%20Safari/537.36&ssv=&ssw=&ssx=W10= "HTTP/1.1 200 OK"
2026-07-04 13:04:41 [INFO] __main__: [OK] 8555537689080 UF=None
2026-07-04 13:05:10 [INFO] etapa2_scraper: [diag 8555511454948] texto=501 chars | trecho='Caixa Economica Federal Estamos detectando comportamento malicioso no acesso. Para protecao do site, nao podemos processar sua requisicao neste momento. Incident ID: 93e3cdb4-c4o3-49fa-940f-b6f4706bc5'
2026-07-04 13:05:12 [INFO] __main__: [OK] 8555511454948 UF=RS
2026-07-04 13:05:12 [INFO] etapa2_scraper: [diag 8444400108853] texto=501 chars | trecho='Caixa Economica Federal Estamos detectando comportamento malicioso no acesso. Para protecao do site, nao podemos processar sua requisicao neste momento. Incident ID: fa26c351-c4o3-4eb0-838b-aca98015ab'
2026-07-04 13:05:13 [INFO] __main__: [OK] 8444400108853 UF=None
2026-07-04 13:05:43 [INFO] etapa2_scraper: [diag 8444404276432] texto=501 chars | trecho='Caixa Economica Federal Estamos detectando comportamento malicioso no acesso. Para protecao do site, nao podemos processar sua requisicao neste momento. Incident ID: b6ccf688-c4o3-495a-805b-1aff19600a'
2026-07-04 13:05:45 [INFO] __main__: [OK] 8444404276432 UF=None
2026-07-04 13:05:45 [INFO] etapa2_scraper: [diag 8555538083924] texto=501 chars | trecho='Caixa Economica Federal Estamos detectando comportamento malicioso no acesso. Para protecao do site, nao podemos processar sua requisicao neste momento. Incident ID: ab577faa-c4o3-47fa-a89c-1f988e083f'
2026-07-04 13:05:46 [INFO] __main__: [OK] 8555538083924 UF=None
2026-07-04 13:06:17 [INFO] etapa2_scraper: [diag 8787718488214] texto=501 chars | trecho='Caixa Economica Federal Estamos detectando comportamento malicioso no acesso. Para protecao do site, nao podemos processar sua requisicao neste momento. Incident ID: 3fc2d814-c4o3-4f54-ac33-53caf35aca'
2026-07-04 13:06:18 [INFO] __main__: [OK] 8787718488214 UF=None
2026-07-04 13:06:18 [INFO] etapa2_scraper: [diag 8444435618939] texto=501 chars | trecho='Caixa Economica Federal Estamos detectando comportamento malicioso no acesso. Para protecao do site, nao podemos processar sua requisicao neste momento. Incident ID: a0d1990a-c4o3-4d49-bfb2-37bc4975f8'
2026-07-04 13:06:20 [INFO] __main__: [OK] 8444435618939 UF=None
2026-07-04 13:06:51 [INFO] etapa2_scraper: [diag 8444413791964] texto=501 chars | trecho='Caixa Economica Federal Estamos detectando comportamento malicioso no acesso. Para protecao do site, nao podemos processar sua requisicao neste momento. Incident ID: 2cd7b36f-c4o3-4194-93d5-d2a4a0593b'
2026-07-04 13:06:52 [INFO] __main__: [OK] 8444413791964 UF=None
2026-07-04 13:06:52 [INFO] etapa2_scraper: [diag 8787718466814] texto=501 chars | trecho='Caixa Economica Federal Estamos detectando comportamento malicioso no acesso. Para protecao do site, nao podemos processar sua requisicao neste momento. Incident ID: 0be0b619-c4o3-4957-b716-7bfe9de4be'
2026-07-04 13:06:54 [INFO] __main__: [OK] 8787718466814 UF=None
2026-07-04 13:06:54 [INFO] __main__: Etapa 2 concluido: 58 OK | 0 falhas | 58 no lote | progresso salvo
2026-07-04 13:06:54 [INFO] __main__: === Vigia concluido: 58 novos processados, 0 encerrados ===
2026-07-04 13:06:54 [INFO] __main__: === Vigia finalizado em 1059s ===
